Сборка начата 01.12.2015 14:04:36.
     1>Проект "D:\Sources\GitHub\Assets\Plugins\AI_APath\APath\APath.vcxproj" в узле 2 (целевые объекты Build).
     1>ClCompile:
         D:\Microsoft Visual Studio 14.0\VC\bin\CL.exe /c /ZI /nologo /W3 /WX- /Od /Oy- /D WIN32 /D _DEBUG /D _WINDOWS /D _USRDLL /D APATH_EXPORTS /D _WINDLL /D _UNICODE /D UNICODE /Gm /EHsc /RTC1 /MDd /GS /fp:precise /Zc:wchar_t /Zc:forScope /Zc:inline /Fo"Debug\\" /Fd"Debug\vc140.pdb" /Gd /TP /analyze- /errorReport:prompt APath.cpp
         APath.cpp
     1>d:\sources\github\assets\plugins\ai_apath\apath\unityengine.hpp(22): error C4430: отсутствует спецификатор типа - предполагается int. Примечание. C++ не поддерживает int по умолчанию
     1>d:\sources\github\assets\plugins\ai_apath\apath\unityengine.hpp(22): error C2143: синтаксическая ошибка: отсутствие "," перед "&"
     1>d:\sources\github\assets\plugins\ai_apath\apath\unityengine.hpp(27): error C4430: отсутствует спецификатор типа - предполагается int. Примечание. C++ не поддерживает int по умолчанию
     1>d:\sources\github\assets\plugins\ai_apath\apath\unityengine.hpp(27): error C2143: синтаксическая ошибка: отсутствие "," перед "&"
     1>d:\sources\github\assets\plugins\ai_apath\apath\unityengine.hpp(23): error C2065: vector: необъявленный идентификатор
     1>d:\sources\github\assets\plugins\ai_apath\apath\unityengine.hpp(23): error C2228: выражение слева от ".x" должно представлять класс, структуру или объединение
         d:\sources\github\assets\plugins\ai_apath\apath\unityengine.hpp(23): note: тип: unknown-type
     1>d:\sources\github\assets\plugins\ai_apath\apath\unityengine.hpp(23): error C2228: выражение слева от ".y" должно представлять класс, структуру или объединение
         d:\sources\github\assets\plugins\ai_apath\apath\unityengine.hpp(23): note: тип: unknown-type
     1>d:\sources\github\assets\plugins\ai_apath\apath\unityengine.hpp(24): error C2065: vector: необъявленный идентификатор
     1>d:\sources\github\assets\plugins\ai_apath\apath\unityengine.hpp(24): error C2228: выражение слева от ".x" должно представлять класс, структуру или объединение
         d:\sources\github\assets\plugins\ai_apath\apath\unityengine.hpp(24): note: тип: unknown-type
     1>d:\sources\github\assets\plugins\ai_apath\apath\unityengine.hpp(24): error C2228: выражение слева от ".y" должно представлять класс, структуру или объединение
         d:\sources\github\assets\plugins\ai_apath\apath\unityengine.hpp(24): note: тип: unknown-type
     1>d:\sources\github\assets\plugins\ai_apath\apath\unityengine.hpp(28): error C2065: vector: необъявленный идентификатор
     1>d:\sources\github\assets\plugins\ai_apath\apath\unityengine.hpp(42): error C4430: отсутствует спецификатор типа - предполагается int. Примечание. C++ не поддерживает int по умолчанию
     1>d:\sources\github\assets\plugins\ai_apath\apath\unityengine.hpp(42): error C2143: синтаксическая ошибка: отсутствие "," перед "&"
     1>d:\sources\github\assets\plugins\ai_apath\apath\unityengine.hpp(47): error C4430: отсутствует спецификатор типа - предполагается int. Примечание. C++ не поддерживает int по умолчанию
     1>d:\sources\github\assets\plugins\ai_apath\apath\unityengine.hpp(47): error C2143: синтаксическая ошибка: отсутствие "," перед "&"
     1>d:\sources\github\assets\plugins\ai_apath\apath\unityengine.hpp(43): error C2065: vector: необъявленный идентификатор
     1>d:\sources\github\assets\plugins\ai_apath\apath\unityengine.hpp(43): error C2228: выражение слева от ".x" должно представлять класс, структуру или объединение
         d:\sources\github\assets\plugins\ai_apath\apath\unityengine.hpp(43): note: тип: unknown-type
     1>d:\sources\github\assets\plugins\ai_apath\apath\unityengine.hpp(43): error C2228: выражение слева от ".y" должно представлять класс, структуру или объединение
         d:\sources\github\assets\plugins\ai_apath\apath\unityengine.hpp(43): note: тип: unknown-type
     1>d:\sources\github\assets\plugins\ai_apath\apath\unityengine.hpp(43): error C2228: выражение слева от ".z" должно представлять класс, структуру или объединение
         d:\sources\github\assets\plugins\ai_apath\apath\unityengine.hpp(43): note: тип: unknown-type
     1>d:\sources\github\assets\plugins\ai_apath\apath\unityengine.hpp(44): error C2065: vector: необъявленный идентификатор
     1>d:\sources\github\assets\plugins\ai_apath\apath\unityengine.hpp(44): error C2228: выражение слева от ".x" должно представлять класс, структуру или объединение
         d:\sources\github\assets\plugins\ai_apath\apath\unityengine.hpp(44): note: тип: unknown-type
     1>d:\sources\github\assets\plugins\ai_apath\apath\unityengine.hpp(44): error C2228: выражение слева от ".y" должно представлять класс, структуру или объединение
         d:\sources\github\assets\plugins\ai_apath\apath\unityengine.hpp(44): note: тип: unknown-type
     1>d:\sources\github\assets\plugins\ai_apath\apath\unityengine.hpp(44): error C2228: выражение слева от ".z" должно представлять класс, структуру или объединение
         d:\sources\github\assets\plugins\ai_apath\apath\unityengine.hpp(44): note: тип: unknown-type
     1>d:\sources\github\assets\plugins\ai_apath\apath\unityengine.hpp(48): error C2065: vector: необъявленный идентификатор
     1>d:\sources\github\assets\plugins\ai_apath\apath\unityengine.hpp(69): error C3861: malloc: идентификатор не найден
     1>d:\sources\github\assets\plugins\ai_apath\apath\unityengine.hpp(133): error C3861: malloc: идентификатор не найден
     1>d:\sources\github\assets\plugins\ai_apath\apath\unityengine.hpp(8): error C2011: UnityEngine::Rect: переопределение типа "struct"
         d:\sources\github\assets\plugins\ai_apath\apath\unityengine.hpp(8): note:  см. объявление "UnityEngine::Rect"
     1>d:\sources\github\assets\plugins\ai_apath\apath\unityengine.hpp(33): error C2011: UnityEngine::Rect3D: переопределение типа "struct"
         d:\sources\github\assets\plugins\ai_apath\apath\unityengine.hpp(33): note:  см. объявление "UnityEngine::Rect3D"
     1>d:\sources\github\assets\plugins\ai_apath\apath\unityengine.hpp(53): error C2011: UnityEngine::Vector3: переопределение типа "struct"
         d:\sources\github\assets\plugins\ai_apath\apath\unityengine.hpp(53): note:  см. объявление "UnityEngine::Vector3"
     1>d:\sources\github\assets\plugins\ai_apath\apath\unityengine.hpp(119): error C2027: использование неопределенного типа "UnityEngine::Vector3"
         d:\sources\github\assets\plugins\ai_apath\apath\unityengine.hpp(53): note:  см. объявление "UnityEngine::Vector3"
     1>d:\sources\github\assets\plugins\ai_apath\apath\unityengine.hpp(119): error C2079: "zero" использует неопределенный struct "UnityEngine::Vector3"
     1>d:\sources\github\assets\plugins\ai_apath\apath\unityengine.hpp(119): error C2440: <function-style-cast>: невозможно преобразовать "initializer list" в "UnityEngine::Vector3"
         d:\sources\github\assets\plugins\ai_apath\apath\unityengine.hpp(119): note: Исходный или конечный объект имеет неполный тип
     1>d:\sources\github\assets\plugins\ai_apath\apath\unityengine.hpp(120): error C2027: использование неопределенного типа "UnityEngine::Vector3"
         d:\sources\github\assets\plugins\ai_apath\apath\unityengine.hpp(53): note:  см. объявление "UnityEngine::Vector3"
     1>d:\sources\github\assets\plugins\ai_apath\apath\unityengine.hpp(120): error C2079: "one" использует неопределенный struct "UnityEngine::Vector3"
     1>d:\sources\github\assets\plugins\ai_apath\apath\unityengine.hpp(120): error C2440: <function-style-cast>: невозможно преобразовать "initializer list" в "UnityEngine::Vector3"
         d:\sources\github\assets\plugins\ai_apath\apath\unityengine.hpp(120): note: Исходный или конечный объект имеет неполный тип
     1>d:\sources\github\assets\plugins\ai_apath\apath\unityengine.hpp(122): error C2011: UnityEngine::Vector2: переопределение типа "struct"
         d:\sources\github\assets\plugins\ai_apath\apath\unityengine.hpp(122): note:  см. объявление "UnityEngine::Vector2"
     1>Сборка проекта "D:\Sources\GitHub\Assets\Plugins\AI_APath\APath\APath.vcxproj" завершена (целевые объекты Build) с ошибкой.

Ошибка сборки.

Затраченное время: 00:00:00.39
